[2026-01-28T20:57:11.595+0000] {taskinstance.py:1157} INFO - Dependencies all met for dep_context=non-requeueable deps ti=<TaskInstance: monthly_service_report.generate_monthly_report scheduled__2025-12-01T00:00:00+00:00 [queued]>
[2026-01-28T20:57:11.599+0000] {taskinstance.py:1157} INFO - Dependencies all met for dep_context=requeueable deps ti=<TaskInstance: monthly_service_report.generate_monthly_report scheduled__2025-12-01T00:00:00+00:00 [queued]>
[2026-01-28T20:57:11.599+0000] {taskinstance.py:1359} INFO - Starting attempt 1 of 1
[2026-01-28T20:57:11.609+0000] {taskinstance.py:1380} INFO - Executing <Task(PythonOperator): generate_monthly_report> on 2025-12-01 00:00:00+00:00
[2026-01-28T20:57:11.612+0000] {standard_task_runner.py:57} INFO - Started process 45 to run task
[2026-01-28T20:57:11.615+0000] {standard_task_runner.py:84} INFO - Running: ['airflow', 'tasks', 'run', 'monthly_service_report', 'generate_monthly_report', 'scheduled__2025-12-01T00:00:00+00:00', '--job-id', '2', '--raw', '--subdir', 'DAGS_FOLDER/monthly_report.py', '--cfg-path', '/tmp/tmpbqn_f186']
[2026-01-28T20:57:11.617+0000] {standard_task_runner.py:85} INFO - Job 2: Subtask generate_monthly_report
[2026-01-28T20:57:11.642+0000] {task_command.py:415} INFO - Running <TaskInstance: monthly_service_report.generate_monthly_report scheduled__2025-12-01T00:00:00+00:00 [running]> on host d8f0343c375f
[2026-01-28T20:57:12.559+0000] {taskinstance.py:1660} INFO - Exporting env vars: AIRFLOW_CTX_DAG_OWNER='airflow' AIRFLOW_CTX_DAG_ID='monthly_service_report' AIRFLOW_CTX_TASK_ID='generate_monthly_report' AIRFLOW_CTX_EXECUTION_DATE='2025-12-01T00:00:00+00:00' AIRFLOW_CTX_TRY_NUMBER='1' AIRFLOW_CTX_DAG_RUN_ID='scheduled__2025-12-01T00:00:00+00:00'
[2026-01-28T20:57:12.560+0000] {taskinstance.py:1935} ERROR - Task failed with exception
Traceback (most recent call last):
  File "/home/airflow/.local/lib/python3.8/site-packages/airflow/operators/python.py", line 192, in execute
    return_value = self.execute_callable()
  File "/home/airflow/.local/lib/python3.8/site-packages/airflow/operators/python.py", line 209, in execute_callable
    return self.python_callable(*self.op_args, **self.op_kwargs)
  File "/opt/airflow/dags/monthly_report.py", line 9, in generate_report
    os.makedirs("/reports", exist_ok=True)
  File "/usr/local/lib/python3.8/os.py", line 223, in makedirs
    mkdir(name, mode)
PermissionError: [Errno 13] Permission denied: '/reports'
[2026-01-28T20:57:12.561+0000] {taskinstance.py:1398} INFO - Marking task as FAILED. dag_id=monthly_service_report, task_id=generate_monthly_report, execution_date=20251201T000000, start_date=20260128T205711, end_date=20260128T205712
[2026-01-28T20:57:12.573+0000] {standard_task_runner.py:104} ERROR - Failed to execute job 2 for task generate_monthly_report ([Errno 13] Permission denied: '/reports'; 45)
[2026-01-28T20:57:12.585+0000] {local_task_job_runner.py:228} INFO - Task exited with return code 1
[2026-01-28T20:57:12.593+0000] {taskinstance.py:2776} INFO - 0 downstream tasks scheduled from follow-on schedule check
